<?xml version="1.0" encoding="UTF-8"?>
<!-- Generated by org.testng.reporters.JUnitXMLReporter -->
<testsuite ignored="0" hostname="DESKTOP-OI33PH9" failures="0" tests="3" name="Default test" time="24.113" errors="0" timestamp="2025-09-12T16:44:16 IST">
  <testcase classname="com.ninza.crm.campaigntest.CreateCampaignTest" name="createCampaignWithExpectedDateTest" time="4.213"/>
  <testcase classname="com.ninza.crm.campaigntest.CreateCampaignTest" name="createCampaignWithMandatoryFieldsTest" time="2.48"/>
  <testcase classname="com.ninza.crm.campaigntest.CreateCampaignTest" name="createCampaignWithStatusTest" time="2.395"/>
</testsuite> <!-- Default test -->
