<?xml version="1.0" encoding="UTF-8"?>
<!-- Generated by org.testng.reporters.JUnitXMLReporter -->
<testsuite ignored="3" hostname="DESKTOP-OI33PH9" failures="0" tests="4" name="Test1" time="94.552" errors="0" timestamp="2025-09-05T17:39:57 IST">
  <testcase classname="com.ninza.crm.campaigntest.CreateCampaignTest" name="createCampaignWithExpectedDateTest" time="5.943"/>
  <testcase classname="com.ninza.crm.campaigntest.CreateCampaignTest" name="createCampaignWithMandatoryFieldsTest" time="3.001"/>
  <testcase classname="com.ninza.crm.campaigntest.CreateCampaignTest" name="createCampaignWithStatusTest" time="8.462"/>
  <testcase classname="com.ninza.crm.producttest.CreateProductTest" name="createProductTest" time="8.563"/>
  <testcase classname="com.ninza.crm.baseClass.BaseClass" name="@AfterTest afterTest" time="0.0">
    <ignored/>
  </testcase> <!-- @AfterTest afterTest -->
  <testcase classname="com.ninza.crm.baseClass.BaseClass" name="@BeforeTest beforeTest" time="0.0">
    <ignored/>
  </testcase> <!-- @BeforeTest beforeTest -->
  <testcase classname="com.ninza.crm.baseClass.BaseClass" name="@BeforeSuite beforeSuite" time="0.0">
    <ignored/>
  </testcase> <!-- @BeforeSuite beforeSuite -->
</testsuite> <!-- Test1 -->
