<?xml version="1.0" encoding="UTF-8"?>
<!-- Generated by org.testng.reporters.JUnitXMLReporter -->
<testsuite ignored="2" hostname="DESKTOP-OI33PH9" failures="0" tests="2" name="Test" time="37.452" errors="0" timestamp="2025-09-18T17:25:14 IST">
  <testcase classname="com.ninza.crm.campaigntest.CreateCampaignTest" name="createCampaignWithExpectedDateTest" time="3.432"/>
  <testcase classname="com.ninza.crm.producttest.CreateProductTest" name="createProductTest" time="8.131"/>
  <testcase classname="com.ninza.crm.campaigntest.CreateCampaignTest" name="createCampaignWithMandatoryFieldsTest" time="0.0">
    <ignored/>
  </testcase> <!-- createCampaignWithMandatoryFieldsTest -->
  <testcase classname="com.ninza.crm.campaigntest.CreateCampaignTest" name="createCampaignWithStatusTest" time="0.0">
    <ignored/>
  </testcase> <!-- createCampaignWithStatusTest -->
</testsuite> <!-- Test -->
