<?xml version="1.0" encoding="UTF-8"?>
<testng-results ignored="0" total="3" passed="3" failed="0" skipped="0">
  <reporter-output>
  </reporter-output>
  <suite started-at="2025-09-12T16:43:52 IST" name="Default suite" finished-at="2025-09-12T16:44:16 IST" duration-ms="24113">
    <groups>
      <group name="Regression">
        <method signature="CreateCampaignTest.createCampaignWithExpectedDateTest()[pri:0, instance:com.ninza.crm.campaigntest.CreateCampaignTest@79d8407f]" name="createCampaignWithExpectedDateTest" class="com.ninza.crm.campaigntest.CreateCampaignTest"/>
        <method signature="CreateCampaignTest.createCampaignWithMandatoryFieldsTest()[pri:0, instance:com.ninza.crm.campaigntest.CreateCampaignTest@79d8407f]" name="createCampaignWithMandatoryFieldsTest" class="com.ninza.crm.campaigntest.CreateCampaignTest"/>
      </group> <!-- Regression -->
      <group name="Smoke">
        <method signature="CreateCampaignTest.createCampaignWithExpectedDateTest()[pri:0, instance:com.ninza.crm.campaigntest.CreateCampaignTest@79d8407f]" name="createCampaignWithExpectedDateTest" class="com.ninza.crm.campaigntest.CreateCampaignTest"/>
      </group> <!-- Smoke -->
    </groups>
    <test started-at="2025-09-12T16:43:52 IST" name="Default test" finished-at="2025-09-12T16:44:16 IST" duration-ms="24113">
      <class name="com.ninza.crm.campaigntest.CreateCampaignTest">
        <test-method is-config="true" signature="beforeSuite()[pri:0, instance:com.ninza.crm.campaigntest.CreateCampaignTest@79d8407f]" started-at="2025-09-12T16:43:52 IST" name="beforeSuite" finished-at="2025-09-12T16:43:52 IST" duration-ms="27" status="PASS">
          <reporter-output>
          </reporter-output>
        </test-method> <!-- beforeSuite -->
        <test-method is-config="true" signature="beforeTest()[pri:0, instance:com.ninza.crm.campaigntest.CreateCampaignTest@79d8407f]" started-at="2025-09-12T16:43:52 IST" name="beforeTest" finished-at="2025-09-12T16:43:52 IST" duration-ms="1" status="PASS">
          <reporter-output>
          </reporter-output>
        </test-method> <!-- beforeTest -->
        <test-method is-config="true" signature="beforeClass()[pri:0, instance:com.ninza.crm.campaigntest.CreateCampaignTest@79d8407f]" started-at="2025-09-12T16:43:52 IST" name="beforeClass" finished-at="2025-09-12T16:43:55 IST" duration-ms="3204" status="PASS">
          <reporter-output>
          </reporter-output>
        </test-method> <!-- beforeClass -->
        <test-method is-config="true" signature="beforeMethod()[pri:0, instance:com.ninza.crm.campaigntest.CreateCampaignTest@79d8407f]" started-at="2025-09-12T16:43:55 IST" name="beforeMethod" finished-at="2025-09-12T16:43:58 IST" duration-ms="2693" status="PASS">
          <reporter-output>
          </reporter-output>
        </test-method> <!-- beforeMethod -->
        <test-method signature="createCampaignWithExpectedDateTest()[pri:0, instance:com.ninza.crm.campaigntest.CreateCampaignTest@79d8407f]" started-at="2025-09-12T16:43:58 IST" name="createCampaignWithExpectedDateTest" finished-at="2025-09-12T16:44:02 IST" duration-ms="4213" status="PASS">
          <reporter-output>
          </reporter-output>
        </test-method> <!-- createCampaignWithExpectedDateTest -->
        <test-method is-config="true" signature="afterMethod()[pri:0, instance:com.ninza.crm.campaigntest.CreateCampaignTest@79d8407f]" started-at="2025-09-12T16:44:02 IST" name="afterMethod" finished-at="2025-09-12T16:44:04 IST" duration-ms="1548" status="PASS">
          <reporter-output>
          </reporter-output>
        </test-method> <!-- afterMethod -->
        <test-method is-config="true" signature="beforeMethod()[pri:0, instance:com.ninza.crm.campaigntest.CreateCampaignTest@79d8407f]" started-at="2025-09-12T16:44:04 IST" name="beforeMethod" finished-at="2025-09-12T16:44:06 IST" duration-ms="1818" status="PASS">
          <reporter-output>
          </reporter-output>
        </test-method> <!-- beforeMethod -->
        <test-method signature="createCampaignWithMandatoryFieldsTest()[pri:0, instance:com.ninza.crm.campaigntest.CreateCampaignTest@79d8407f]" started-at="2025-09-12T16:44:06 IST" name="createCampaignWithMandatoryFieldsTest" finished-at="2025-09-12T16:44:08 IST" duration-ms="2480" status="PASS">
          <reporter-output>
          </reporter-output>
        </test-method> <!-- createCampaignWithMandatoryFieldsTest -->
        <test-method is-config="true" signature="afterMethod()[pri:0, instance:com.ninza.crm.campaigntest.CreateCampaignTest@79d8407f]" started-at="2025-09-12T16:44:08 IST" name="afterMethod" finished-at="2025-09-12T16:44:10 IST" duration-ms="1574" status="PASS">
          <reporter-output>
          </reporter-output>
        </test-method> <!-- afterMethod -->
        <test-method is-config="true" signature="beforeMethod()[pri:0, instance:com.ninza.crm.campaigntest.CreateCampaignTest@79d8407f]" started-at="2025-09-12T16:44:10 IST" name="beforeMethod" finished-at="2025-09-12T16:44:12 IST" duration-ms="1874" status="PASS">
          <reporter-output>
          </reporter-output>
        </test-method> <!-- beforeMethod -->
        <test-method signature="createCampaignWithStatusTest()[pri:0, instance:com.ninza.crm.campaigntest.CreateCampaignTest@79d8407f]" started-at="2025-09-12T16:44:12 IST" name="createCampaignWithStatusTest" finished-at="2025-09-12T16:44:14 IST" duration-ms="2395" status="PASS">
          <reporter-output>
          </reporter-output>
        </test-method> <!-- createCampaignWithStatusTest -->
        <test-method is-config="true" signature="afterMethod()[pri:0, instance:com.ninza.crm.campaigntest.CreateCampaignTest@79d8407f]" started-at="2025-09-12T16:44:14 IST" name="afterMethod" finished-at="2025-09-12T16:44:15 IST" duration-ms="1346" status="PASS">
          <reporter-output>
          </reporter-output>
        </test-method> <!-- afterMethod -->
        <test-method is-config="true" signature="afterClass()[pri:0, instance:com.ninza.crm.campaigntest.CreateCampaignTest@79d8407f]" started-at="2025-09-12T16:44:15 IST" name="afterClass" finished-at="2025-09-12T16:44:16 IST" duration-ms="838" status="PASS">
          <reporter-output>
          </reporter-output>
        </test-method> <!-- afterClass -->
        <test-method is-config="true" signature="afterTest()[pri:0, instance:com.ninza.crm.campaigntest.CreateCampaignTest@79d8407f]" started-at="2025-09-12T16:44:16 IST" name="afterTest" finished-at="2025-09-12T16:44:16 IST" duration-ms="1" status="PASS">
          <reporter-output>
          </reporter-output>
        </test-method> <!-- afterTest -->
      </class> <!-- com.ninza.crm.campaigntest.CreateCampaignTest -->
    </test> <!-- Default test -->
  </suite> <!-- Default suite -->
</testng-results>
