<?xml version="1.0" encoding="UTF-8"?>
<testng-results ignored="2" total="4" passed="2" failed="0" skipped="0">
  <reporter-output>
  </reporter-output>
  <suite started-at="2025-09-18T17:24:36 IST" name="Suite" finished-at="2025-09-18T17:25:13 IST" duration-ms="37452">
    <groups>
      <group name="Regression">
        <method signature="CreateCampaignTest.createCampaignWithExpectedDateTest()[pri:0, instance:com.ninza.crm.campaigntest.CreateCampaignTest@45b4c3a9]" name="createCampaignWithExpectedDateTest" class="com.ninza.crm.campaigntest.CreateCampaignTest"/>
        <method signature="CreateProductTest.createProductTest()[pri:0, instance:com.ninza.crm.producttest.CreateProductTest@4c39bec8]" name="createProductTest" class="com.ninza.crm.producttest.CreateProductTest"/>
      </group> <!-- Regression -->
      <group name="Smoke">
        <method signature="CreateCampaignTest.createCampaignWithExpectedDateTest()[pri:0, instance:com.ninza.crm.campaigntest.CreateCampaignTest@45b4c3a9]" name="createCampaignWithExpectedDateTest" class="com.ninza.crm.campaigntest.CreateCampaignTest"/>
        <method signature="CreateProductTest.createProductTest()[pri:0, instance:com.ninza.crm.producttest.CreateProductTest@4c39bec8]" name="createProductTest" class="com.ninza.crm.producttest.CreateProductTest"/>
      </group> <!-- Smoke -->
    </groups>
    <test started-at="2025-09-18T17:24:36 IST" name="Test" finished-at="2025-09-18T17:25:13 IST" duration-ms="37452">
      <class name="com.ninza.crm.campaigntest.CreateCampaignTest">
        <test-method is-config="true" signature="beforeClass()[pri:0, instance:com.ninza.crm.campaigntest.CreateCampaignTest@45b4c3a9]" started-at="2025-09-18T17:24:36 IST" name="beforeClass" finished-at="2025-09-18T17:24:42 IST" duration-ms="5542" status="PASS">
          <reporter-output>
          </reporter-output>
        </test-method> <!-- beforeClass -->
        <test-method is-config="true" signature="beforeMethod()[pri:0, instance:com.ninza.crm.campaigntest.CreateCampaignTest@45b4c3a9]" started-at="2025-09-18T17:24:42 IST" name="beforeMethod" finished-at="2025-09-18T17:24:45 IST" duration-ms="3558" status="PASS">
          <reporter-output>
          </reporter-output>
        </test-method> <!-- beforeMethod -->
        <test-method signature="createCampaignWithExpectedDateTest()[pri:0, instance:com.ninza.crm.campaigntest.CreateCampaignTest@45b4c3a9]" started-at="2025-09-18T17:24:45 IST" name="createCampaignWithExpectedDateTest" finished-at="2025-09-18T17:24:49 IST" duration-ms="3432" status="PASS">
          <reporter-output>
          </reporter-output>
        </test-method> <!-- createCampaignWithExpectedDateTest -->
        <test-method is-config="true" signature="afterMethod()[pri:0, instance:com.ninza.crm.campaigntest.CreateCampaignTest@45b4c3a9]" started-at="2025-09-18T17:24:49 IST" name="afterMethod" finished-at="2025-09-18T17:24:50 IST" duration-ms="1412" status="PASS">
          <reporter-output>
          </reporter-output>
        </test-method> <!-- afterMethod -->
        <test-method is-config="true" signature="afterClass()[pri:0, instance:com.ninza.crm.campaigntest.CreateCampaignTest@45b4c3a9]" started-at="2025-09-18T17:24:50 IST" name="afterClass" finished-at="2025-09-18T17:24:51 IST" duration-ms="552" status="PASS">
          <reporter-output>
          </reporter-output>
        </test-method> <!-- afterClass -->
      </class> <!-- com.ninza.crm.campaigntest.CreateCampaignTest -->
      <class name="com.ninza.crm.producttest.CreateProductTest">
        <test-method is-config="true" signature="beforeClass()[pri:0, instance:com.ninza.crm.producttest.CreateProductTest@4c39bec8]" started-at="2025-09-18T17:24:51 IST" name="beforeClass" finished-at="2025-09-18T17:24:54 IST" duration-ms="3014" status="PASS">
          <reporter-output>
          </reporter-output>
        </test-method> <!-- beforeClass -->
        <test-method is-config="true" signature="beforeMethod()[pri:0, instance:com.ninza.crm.producttest.CreateProductTest@4c39bec8]" started-at="2025-09-18T17:24:54 IST" name="beforeMethod" finished-at="2025-09-18T17:24:57 IST" duration-ms="3316" status="PASS">
          <reporter-output>
          </reporter-output>
        </test-method> <!-- beforeMethod -->
        <test-method signature="createProductTest()[pri:0, instance:com.ninza.crm.producttest.CreateProductTest@4c39bec8]" started-at="2025-09-18T17:24:57 IST" name="createProductTest" finished-at="2025-09-18T17:25:05 IST" duration-ms="8131" status="PASS">
          <reporter-output>
          </reporter-output>
        </test-method> <!-- createProductTest -->
        <test-method is-config="true" signature="afterMethod()[pri:0, instance:com.ninza.crm.producttest.CreateProductTest@4c39bec8]" started-at="2025-09-18T17:25:05 IST" name="afterMethod" finished-at="2025-09-18T17:25:12 IST" duration-ms="6548" status="PASS">
          <reporter-output>
          </reporter-output>
        </test-method> <!-- afterMethod -->
        <test-method is-config="true" signature="afterClass()[pri:0, instance:com.ninza.crm.producttest.CreateProductTest@4c39bec8]" started-at="2025-09-18T17:25:12 IST" name="afterClass" finished-at="2025-09-18T17:25:13 IST" duration-ms="1778" status="PASS">
          <reporter-output>
          </reporter-output>
        </test-method> <!-- afterClass -->
      </class> <!-- com.ninza.crm.producttest.CreateProductTest -->
    </test> <!-- Test -->
  </suite> <!-- Suite -->
</testng-results>
